<?xml version="1.0" encoding="UTF-8"?>
<!-- Generated by org.testng.reporters.JUnitXMLReporter -->
<testsuite ignored="0" hostname="LIN-5CG2212TS2" failures="0" tests="3" name="Test2" time="2.355" errors="0" timestamp="2024-05-17T12:53:09 IST">
  <testcase classname="com.testNG.DataproviderTest2" name="addData" time="1.618"/>
  <testcase classname="com.testNG.DataproviderTest2" name="addData" time="0.364"/>
  <testcase classname="com.testNG.DataproviderTest2" name="addData" time="0.35"/>
</testsuite> <!-- Test2 -->
