<?xml version="1.0" encoding="UTF-8"?>
<!-- Generated by org.testng.reporters.JUnitXMLReporter -->
<testsuite ignored="0" hostname="LIN-5CG2212TS2" failures="0" tests="3" name="Test3" time="1.088" errors="0" timestamp="2024-05-17T12:53:10 IST">
  <testcase classname="com.testNG.DataproviderTest2" name="addData" time="0.367"/>
  <testcase classname="com.testNG.DataproviderTest2" name="addData" time="0.359"/>
  <testcase classname="com.testNG.DataproviderTest2" name="addData" time="0.357"/>
</testsuite> <!-- Test3 -->
