<?xml version="1.0" encoding="UTF-8"?>
<testng-results ignored="0" total="3" passed="3" failed="0" skipped="0">
  <reporter-output>
  </reporter-output>
  <suite started-at="2024-05-28T10:32:09 IST" name="Default suite" finished-at="2024-05-28T10:32:17 IST" duration-ms="8174">
    <groups>
      <group name="cucumber">
        <method signature="AbstractTestNGCucumberTests.runScenario(io.cucumber.testng.PickleWrapper,io.cucumber.testng.FeatureWrapper)[pri:0, instance:TestRunner.TestRunner@5eefa415]" name="runScenario" class="io.cucumber.testng.AbstractTestNGCucumberTests"/>
      </group> <!-- cucumber -->
    </groups>
    <test started-at="2024-05-28T10:32:09 IST" name="Default test" finished-at="2024-05-28T10:32:17 IST" duration-ms="8174">
      <class name="TestRunner.TestRunner">
        <test-method is-config="true" signature="setUpClass(org.testng.ITestContext)[pri:0, instance:TestRunner.TestRunner@5eefa415]" started-at="2024-05-28T10:32:09 IST" name="setUpClass" finished-at="2024-05-28T10:32:11 IST" duration-ms="1928" status="PASS">
          <params>
            <param index="0">
              <value>
                <![CDATA[org.testng.TestRunner@c5aa143]]>
              </value>
            </param>
          </params>
          <reporter-output>
          </reporter-output>
        </test-method> <!-- setUpClass -->
        <test-method signature="runScenario(io.cucumber.testng.PickleWrapper,io.cucumber.testng.FeatureWrapper)[pri:0, instance:TestRunner.TestRunner@5eefa415]" started-at="2024-05-28T10:32:11 IST" name="runScenario" description="Runs Cucumber Scenarios" data-provider="scenarios" finished-at="2024-05-28T10:32:15 IST" duration-ms="4627" status="PASS">
          <params>
            <param index="0">
              <value>
                <![CDATA["Add user"]]>
              </value>
            </param>
            <param index="1">
              <value>
                <![CDATA["Adding the users to the List."]]>
              </value>
            </param>
          </params>
          <reporter-output>
          </reporter-output>
        </test-method> <!-- runScenario -->
        <test-method signature="runScenario(io.cucumber.testng.PickleWrapper,io.cucumber.testng.FeatureWrapper)[pri:0, instance:TestRunner.TestRunner@5eefa415]" started-at="2024-05-28T10:32:15 IST" name="runScenario" description="Runs Cucumber Scenarios" data-provider="scenarios" finished-at="2024-05-28T10:32:16 IST" duration-ms="422" status="PASS">
          <params>
            <param index="0">
              <value>
                <![CDATA["Add user"]]>
              </value>
            </param>
            <param index="1">
              <value>
                <![CDATA["Adding the users to the List."]]>
              </value>
            </param>
          </params>
          <reporter-output>
          </reporter-output>
        </test-method> <!-- runScenario -->
        <test-method signature="runScenario(io.cucumber.testng.PickleWrapper,io.cucumber.testng.FeatureWrapper)[pri:0, instance:TestRunner.TestRunner@5eefa415]" started-at="2024-05-28T10:32:16 IST" name="runScenario" description="Runs Cucumber Scenarios" data-provider="scenarios" finished-at="2024-05-28T10:32:16 IST" duration-ms="444" status="PASS">
          <params>
            <param index="0">
              <value>
                <![CDATA["Upade the user"]]>
              </value>
            </param>
            <param index="1">
              <value>
                <![CDATA["Adding the users to the List."]]>
              </value>
            </param>
          </params>
          <reporter-output>
          </reporter-output>
        </test-method> <!-- runScenario -->
        <test-method is-config="true" signature="tearDownClass()[pri:0, instance:TestRunner.TestRunner@5eefa415]" started-at="2024-05-28T10:32:16 IST" name="tearDownClass" finished-at="2024-05-28T10:32:17 IST" duration-ms="661" status="PASS">
          <reporter-output>
          </reporter-output>
        </test-method> <!-- tearDownClass -->
      </class> <!-- TestRunner.TestRunner -->
    </test> <!-- Default test -->
  </suite> <!-- Default suite -->
</testng-results>
